<?xml version="1.0" encoding="UTF-8"?>
<testng-results ignored="0" total="10" passed="10" failed="0" skipped="0">
  <reporter-output>
  </reporter-output>
  <suite started-at="2021-11-19T12:07:37 IST" name="Suite" finished-at="2021-11-19T12:09:16 IST" duration-ms="99368">
    <groups>
      <group name="cucumber">
        <method signature="AbstractTestNGCucumberTests.runScenario(io.cucumber.testng.PickleWrapper,io.cucumber.testng.FeatureWrapper)[pri:0, instance:com.mindtree.Runner.TestRunner@791f145a]" name="runScenario" class="io.cucumber.testng.AbstractTestNGCucumberTests"/>
      </group> <!-- cucumber -->
    </groups>
    <test started-at="2021-11-19T12:07:37 IST" name="Test" finished-at="2021-11-19T12:09:16 IST" duration-ms="99368">
      <class name="com.mindtree.Runner.TestRunner">
        <test-method is-config="true" signature="setUpClass(org.testng.ITestContext)[pri:0, instance:com.mindtree.Runner.TestRunner@791f145a]" started-at="2021-11-19T12:07:37 IST" name="setUpClass" finished-at="2021-11-19T12:07:37 IST" duration-ms="205" status="PASS">
          <params>
            <param index="0">
              <value>
                <![CDATA[org.testng.TestRunner@1806bc4c]]>
              </value>
            </param>
          </params>
          <reporter-output>
          </reporter-output>
        </test-method> <!-- setUpClass -->
        <test-method signature="runScenario(io.cucumber.testng.PickleWrapper,io.cucumber.testng.FeatureWrapper)[pri:0, instance:com.mindtree.Runner.TestRunner@791f145a]" started-at="2021-11-19T12:07:37 IST" name="runScenario" description="Runs Cucumber Scenarios" data-provider="scenarios" finished-at="2021-11-19T12:07:52 IST" duration-ms="14829" status="PASS">
          <params>
            <param index="0">
              <value>
                <![CDATA["Open the URL"]]>
              </value>
            </param>
            <param index="1">
              <value>
                <![CDATA["Optional[Open the URL]"]]>
              </value>
            </param>
          </params>
          <reporter-output>
          </reporter-output>
        </test-method> <!-- runScenario -->
        <test-method signature="runScenario(io.cucumber.testng.PickleWrapper,io.cucumber.testng.FeatureWrapper)[pri:0, instance:com.mindtree.Runner.TestRunner@791f145a]" started-at="2021-11-19T12:07:52 IST" name="runScenario" description="Runs Cucumber Scenarios" data-provider="scenarios" finished-at="2021-11-19T12:08:01 IST" duration-ms="9077" status="PASS">
          <params>
            <param index="0">
              <value>
                <![CDATA["Testing the Sort By feature"]]>
              </value>
            </param>
            <param index="1">
              <value>
                <![CDATA["Optional[Testing the Sort By feature]"]]>
              </value>
            </param>
          </params>
          <reporter-output>
          </reporter-output>
        </test-method> <!-- runScenario -->
        <test-method signature="runScenario(io.cucumber.testng.PickleWrapper,io.cucumber.testng.FeatureWrapper)[pri:0, instance:com.mindtree.Runner.TestRunner@791f145a]" started-at="2021-11-19T12:08:01 IST" name="runScenario" description="Runs Cucumber Scenarios" data-provider="scenarios" finished-at="2021-11-19T12:08:19 IST" duration-ms="17634" status="PASS">
          <params>
            <param index="0">
              <value>
                <![CDATA["Navigating through the menu options"]]>
              </value>
            </param>
            <param index="1">
              <value>
                <![CDATA["Optional[Navigating through the menu options]"]]>
              </value>
            </param>
          </params>
          <reporter-output>
          </reporter-output>
        </test-method> <!-- runScenario -->
        <test-method signature="runScenario(io.cucumber.testng.PickleWrapper,io.cucumber.testng.FeatureWrapper)[pri:0, instance:com.mindtree.Runner.TestRunner@791f145a]" started-at="2021-11-19T12:08:19 IST" name="runScenario" description="Runs Cucumber Scenarios" data-provider="scenarios" finished-at="2021-11-19T12:08:26 IST" duration-ms="6682" status="PASS">
          <params>
            <param index="0">
              <value>
                <![CDATA["Searching for a Product"]]>
              </value>
            </param>
            <param index="1">
              <value>
                <![CDATA["Optional[Searching for a Product]"]]>
              </value>
            </param>
          </params>
          <reporter-output>
          </reporter-output>
        </test-method> <!-- runScenario -->
        <test-method signature="runScenario(io.cucumber.testng.PickleWrapper,io.cucumber.testng.FeatureWrapper)[pri:0, instance:com.mindtree.Runner.TestRunner@791f145a]" started-at="2021-11-19T12:08:26 IST" name="runScenario" description="Runs Cucumber Scenarios" data-provider="scenarios" finished-at="2021-11-19T12:08:38 IST" duration-ms="11571" status="PASS">
          <params>
            <param index="0">
              <value>
                <![CDATA["Add To cart Feature"]]>
              </value>
            </param>
            <param index="1">
              <value>
                <![CDATA["Optional[Add To Cart Feature]"]]>
              </value>
            </param>
          </params>
          <reporter-output>
          </reporter-output>
        </test-method> <!-- runScenario -->
        <test-method signature="runScenario(io.cucumber.testng.PickleWrapper,io.cucumber.testng.FeatureWrapper)[pri:0, instance:com.mindtree.Runner.TestRunner@791f145a]" started-at="2021-11-19T12:08:38 IST" name="runScenario" description="Runs Cucumber Scenarios" data-provider="scenarios" finished-at="2021-11-19T12:08:45 IST" duration-ms="6769" status="PASS">
          <params>
            <param index="0">
              <value>
                <![CDATA["Add Gift card to cart"]]>
              </value>
            </param>
            <param index="1">
              <value>
                <![CDATA["Optional[Add Gift card to cart]"]]>
              </value>
            </param>
          </params>
          <reporter-output>
          </reporter-output>
        </test-method> <!-- runScenario -->
        <test-method signature="runScenario(io.cucumber.testng.PickleWrapper,io.cucumber.testng.FeatureWrapper)[pri:0, instance:com.mindtree.Runner.TestRunner@791f145a]" started-at="2021-11-19T12:08:45 IST" name="runScenario" description="Runs Cucumber Scenarios" data-provider="scenarios" finished-at="2021-11-19T12:08:53 IST" duration-ms="8419" status="PASS">
          <params>
            <param index="0">
              <value>
                <![CDATA["Contact Us page submit"]]>
              </value>
            </param>
            <param index="1">
              <value>
                <![CDATA["Optional[Contact Us page submit]"]]>
              </value>
            </param>
          </params>
          <reporter-output>
          </reporter-output>
        </test-method> <!-- runScenario -->
        <test-method signature="runScenario(io.cucumber.testng.PickleWrapper,io.cucumber.testng.FeatureWrapper)[pri:0, instance:com.mindtree.Runner.TestRunner@791f145a]" started-at="2021-11-19T12:08:53 IST" name="runScenario" description="Runs Cucumber Scenarios" data-provider="scenarios" finished-at="2021-11-19T12:09:05 IST" duration-ms="11645" status="PASS">
          <params>
            <param index="0">
              <value>
                <![CDATA["Wish List feature"]]>
              </value>
            </param>
            <param index="1">
              <value>
                <![CDATA["Optional[Wish List feature]"]]>
              </value>
            </param>
          </params>
          <reporter-output>
          </reporter-output>
        </test-method> <!-- runScenario -->
        <test-method signature="runScenario(io.cucumber.testng.PickleWrapper,io.cucumber.testng.FeatureWrapper)[pri:0, instance:com.mindtree.Runner.TestRunner@791f145a]" started-at="2021-11-19T12:09:05 IST" name="runScenario" description="Runs Cucumber Scenarios" data-provider="scenarios" finished-at="2021-11-19T12:09:12 IST" duration-ms="6318" status="PASS">
          <params>
            <param index="0">
              <value>
                <![CDATA["Check Cart for any item"]]>
              </value>
            </param>
            <param index="1">
              <value>
                <![CDATA["Optional[Check Cart for any item]"]]>
              </value>
            </param>
          </params>
          <reporter-output>
          </reporter-output>
        </test-method> <!-- runScenario -->
        <test-method signature="runScenario(io.cucumber.testng.PickleWrapper,io.cucumber.testng.FeatureWrapper)[pri:0, instance:com.mindtree.Runner.TestRunner@791f145a]" started-at="2021-11-19T12:09:12 IST" name="runScenario" description="Runs Cucumber Scenarios" data-provider="scenarios" finished-at="2021-11-19T12:09:16 IST" duration-ms="3800" status="PASS">
          <params>
            <param index="0">
              <value>
                <![CDATA["Testing the About Us page"]]>
              </value>
            </param>
            <param index="1">
              <value>
                <![CDATA["Optional[Testing the About US page]"]]>
              </value>
            </param>
          </params>
          <reporter-output>
          </reporter-output>
        </test-method> <!-- runScenario -->
        <test-method is-config="true" signature="tearDownClass()[pri:0, instance:com.mindtree.Runner.TestRunner@791f145a]" started-at="2021-11-19T12:09:16 IST" name="tearDownClass" finished-at="2021-11-19T12:09:16 IST" duration-ms="4" status="PASS">
          <reporter-output>
          </reporter-output>
        </test-method> <!-- tearDownClass -->
      </class> <!-- com.mindtree.Runner.TestRunner -->
    </test> <!-- Test -->
  </suite> <!-- Suite -->
</testng-results>
