<?xml version="1.0" encoding="UTF-8"?>
<testng-results ignored="0" total="10" passed="10" failed="0" skipped="0">
  <reporter-output>
  </reporter-output>
  <suite started-at="2021-11-18T13:23:06 IST" name="Suite" finished-at="2021-11-18T13:24:44 IST" duration-ms="98706">
    <groups>
      <group name="cucumber">
        <method signature="AbstractTestNGCucumberTests.runScenario(io.cucumber.testng.PickleWrapper,io.cucumber.testng.FeatureWrapper)[pri:0, instance:com.mindtree.Runner.TestRunner@14dd7b39]" name="runScenario" class="io.cucumber.testng.AbstractTestNGCucumberTests"/>
      </group> <!-- cucumber -->
    </groups>
    <test started-at="2021-11-18T13:23:06 IST" name="Test" finished-at="2021-11-18T13:24:44 IST" duration-ms="98706">
      <class name="com.mindtree.Runner.TestRunner">
        <test-method is-config="true" signature="setUpClass(org.testng.ITestContext)[pri:0, instance:com.mindtree.Runner.TestRunner@14dd7b39]" started-at="2021-11-18T13:23:06 IST" name="setUpClass" finished-at="2021-11-18T13:23:06 IST" duration-ms="207" status="PASS">
          <params>
            <param index="0">
              <value>
                <![CDATA[org.testng.TestRunner@4976085]]>
              </value>
            </param>
          </params>
          <reporter-output>
          </reporter-output>
        </test-method> <!-- setUpClass -->
        <test-method signature="runScenario(io.cucumber.testng.PickleWrapper,io.cucumber.testng.FeatureWrapper)[pri:0, instance:com.mindtree.Runner.TestRunner@14dd7b39]" started-at="2021-11-18T13:23:06 IST" name="runScenario" description="Runs Cucumber Scenarios" data-provider="scenarios" finished-at="2021-11-18T13:23:19 IST" duration-ms="12964" status="PASS">
          <params>
            <param index="0">
              <value>
                <![CDATA["Open the URL"]]>
              </value>
            </param>
            <param index="1">
              <value>
                <![CDATA["Optional[Open the URL]"]]>
              </value>
            </param>
          </params>
          <reporter-output>
          </reporter-output>
        </test-method> <!-- runScenario -->
        <test-method signature="runScenario(io.cucumber.testng.PickleWrapper,io.cucumber.testng.FeatureWrapper)[pri:0, instance:com.mindtree.Runner.TestRunner@14dd7b39]" started-at="2021-11-18T13:23:19 IST" name="runScenario" description="Runs Cucumber Scenarios" data-provider="scenarios" finished-at="2021-11-18T13:23:28 IST" duration-ms="8807" status="PASS">
          <params>
            <param index="0">
              <value>
                <![CDATA["Testing the Sort By feature"]]>
              </value>
            </param>
            <param index="1">
              <value>
                <![CDATA["Optional[Testing the Sort By feature]"]]>
              </value>
            </param>
          </params>
          <reporter-output>
          </reporter-output>
        </test-method> <!-- runScenario -->
        <test-method signature="runScenario(io.cucumber.testng.PickleWrapper,io.cucumber.testng.FeatureWrapper)[pri:0, instance:com.mindtree.Runner.TestRunner@14dd7b39]" started-at="2021-11-18T13:23:28 IST" name="runScenario" description="Runs Cucumber Scenarios" data-provider="scenarios" finished-at="2021-11-18T13:23:47 IST" duration-ms="18517" status="PASS">
          <params>
            <param index="0">
              <value>
                <![CDATA["Navigating through the menu options"]]>
              </value>
            </param>
            <param index="1">
              <value>
                <![CDATA["Optional[Navigating through the menu options]"]]>
              </value>
            </param>
          </params>
          <reporter-output>
          </reporter-output>
        </test-method> <!-- runScenario -->
        <test-method signature="runScenario(io.cucumber.testng.PickleWrapper,io.cucumber.testng.FeatureWrapper)[pri:0, instance:com.mindtree.Runner.TestRunner@14dd7b39]" started-at="2021-11-18T13:23:50 IST" name="runScenario" description="Runs Cucumber Scenarios" data-provider="scenarios" finished-at="2021-11-18T13:23:56 IST" duration-ms="6412" status="PASS">
          <params>
            <param index="0">
              <value>
                <![CDATA["Searching for a Product"]]>
              </value>
            </param>
            <param index="1">
              <value>
                <![CDATA["Optional[Searching for a Product]"]]>
              </value>
            </param>
          </params>
          <reporter-output>
          </reporter-output>
        </test-method> <!-- runScenario -->
        <test-method signature="runScenario(io.cucumber.testng.PickleWrapper,io.cucumber.testng.FeatureWrapper)[pri:0, instance:com.mindtree.Runner.TestRunner@14dd7b39]" started-at="2021-11-18T13:23:57 IST" name="runScenario" description="Runs Cucumber Scenarios" data-provider="scenarios" finished-at="2021-11-18T13:24:08 IST" duration-ms="11242" status="PASS">
          <params>
            <param index="0">
              <value>
                <![CDATA["Add To cart Feature"]]>
              </value>
            </param>
            <param index="1">
              <value>
                <![CDATA["Optional[Add To Cart Feature]"]]>
              </value>
            </param>
          </params>
          <reporter-output>
          </reporter-output>
        </test-method> <!-- runScenario -->
        <test-method signature="runScenario(io.cucumber.testng.PickleWrapper,io.cucumber.testng.FeatureWrapper)[pri:0, instance:com.mindtree.Runner.TestRunner@14dd7b39]" started-at="2021-11-18T13:24:08 IST" name="runScenario" description="Runs Cucumber Scenarios" data-provider="scenarios" finished-at="2021-11-18T13:24:15 IST" duration-ms="6855" status="PASS">
          <params>
            <param index="0">
              <value>
                <![CDATA["Add Gift card to cart"]]>
              </value>
            </param>
            <param index="1">
              <value>
                <![CDATA["Optional[Add Gift card to cart]"]]>
              </value>
            </param>
          </params>
          <reporter-output>
          </reporter-output>
        </test-method> <!-- runScenario -->
        <test-method signature="runScenario(io.cucumber.testng.PickleWrapper,io.cucumber.testng.FeatureWrapper)[pri:0, instance:com.mindtree.Runner.TestRunner@14dd7b39]" started-at="2021-11-18T13:24:15 IST" name="runScenario" description="Runs Cucumber Scenarios" data-provider="scenarios" finished-at="2021-11-18T13:24:22 IST" duration-ms="6350" status="PASS">
          <params>
            <param index="0">
              <value>
                <![CDATA["Contact Us page submit"]]>
              </value>
            </param>
            <param index="1">
              <value>
                <![CDATA["Optional[Contact Us page submit]"]]>
              </value>
            </param>
          </params>
          <reporter-output>
          </reporter-output>
        </test-method> <!-- runScenario -->
        <test-method signature="runScenario(io.cucumber.testng.PickleWrapper,io.cucumber.testng.FeatureWrapper)[pri:0, instance:com.mindtree.Runner.TestRunner@14dd7b39]" started-at="2021-11-18T13:24:22 IST" name="runScenario" description="Runs Cucumber Scenarios" data-provider="scenarios" finished-at="2021-11-18T13:24:34 IST" duration-ms="11825" status="PASS">
          <params>
            <param index="0">
              <value>
                <![CDATA["Wish List feature"]]>
              </value>
            </param>
            <param index="1">
              <value>
                <![CDATA["Optional[Wish List feature]"]]>
              </value>
            </param>
          </params>
          <reporter-output>
          </reporter-output>
        </test-method> <!-- runScenario -->
        <test-method signature="runScenario(io.cucumber.testng.PickleWrapper,io.cucumber.testng.FeatureWrapper)[pri:0, instance:com.mindtree.Runner.TestRunner@14dd7b39]" started-at="2021-11-18T13:24:34 IST" name="runScenario" description="Runs Cucumber Scenarios" data-provider="scenarios" finished-at="2021-11-18T13:24:40 IST" duration-ms="6284" status="PASS">
          <params>
            <param index="0">
              <value>
                <![CDATA["Check Cart for any item"]]>
              </value>
            </param>
            <param index="1">
              <value>
                <![CDATA["Optional[Check Cart for any item]"]]>
              </value>
            </param>
          </params>
          <reporter-output>
          </reporter-output>
        </test-method> <!-- runScenario -->
        <test-method signature="runScenario(io.cucumber.testng.PickleWrapper,io.cucumber.testng.FeatureWrapper)[pri:0, instance:com.mindtree.Runner.TestRunner@14dd7b39]" started-at="2021-11-18T13:24:40 IST" name="runScenario" description="Runs Cucumber Scenarios" data-provider="scenarios" finished-at="2021-11-18T13:24:44 IST" duration-ms="3876" status="PASS">
          <params>
            <param index="0">
              <value>
                <![CDATA["Testing the About Us page"]]>
              </value>
            </param>
            <param index="1">
              <value>
                <![CDATA["Optional[Testing the About US page]"]]>
              </value>
            </param>
          </params>
          <reporter-output>
          </reporter-output>
        </test-method> <!-- runScenario -->
        <test-method is-config="true" signature="tearDownClass()[pri:0, instance:com.mindtree.Runner.TestRunner@14dd7b39]" started-at="2021-11-18T13:24:44 IST" name="tearDownClass" finished-at="2021-11-18T13:24:44 IST" duration-ms="5" status="PASS">
          <reporter-output>
          </reporter-output>
        </test-method> <!-- tearDownClass -->
      </class> <!-- com.mindtree.Runner.TestRunner -->
    </test> <!-- Test -->
  </suite> <!-- Suite -->
</testng-results>
